# JRE version: Java(TM) SE Runtime Environment (8.0_221-b11) (build 1.8.0_221-b11)
# Java VM: Java HotSpot(TM) 64-Bit Server VM (25.221-b11 mixed mode windows-amd64 compressed oops)
Heap:
 PSYoungGen      total 13312K, used 2934K [0x000000076b000000, 0x000000076cb00000, 0x00000007c0000000)
  eden space 10240K, 13% used [0x000000076b000000,0x000000076b164408,0x000000076ba00000)
  from space 3072K, 49% used [0x000000076ba00000,0x000000076bb795d8,0x000000076bd00000)
  to   space 5632K, 0% used [0x000000076c580000,0x000000076c580000,0x000000076cb00000)
 ParOldGen       total 13312K, used 8011K [0x00000006c1000000, 0x00000006c1d00000, 0x000000076b000000)
  object space 13312K, 60% used [0x00000006c1000000,0x00000006c17d2cf8,0x00000006c1d00000)
 Metaspace       used 7915K, capacity 8510K, committed 8704K, reserved 1056768K
  class space    used 964K, capacity 1010K, committed 1024K, reserved 1048576K
GC Heap History (10 events):
Event: 0.543 GC heap before
{Heap before GC invocations=6 (full 0):
 PSYoungGen      total 3584K, used 3568K [0x000000076b000000, 0x000000076b800000, 0x00000007c0000000)
  eden space 3072K, 100% used [0x000000076b000000,0x000000076b300000,0x000000076b300000)
  from space 512K, 96% used [0x000000076b300000,0x000000076b37c020,0x000000076b380000)
  to   space 1024K, 0% used [0x000000076b700000,0x000000076b700000,0x000000076b800000)
 ParOldGen       total 5632K, used 887K [0x00000006c1000000, 0x00000006c1580000, 0x000000076b000000)
  object space 5632K, 15% used [0x00000006c1000000,0x00000006c10ddea8,0x00000006c1580000)
 Metaspace       used 6751K, capacity 7796K, committed 8064K, reserved 1056768K
  class space    used 841K, capacity 880K, committed 896K, reserved 1048576K
Event: 0.547 GC heap after
Heap after GC invocations=6 (full 0):
 PSYoungGen      total 6656K, used 992K [0x000000076b000000, 0x000000076b900000, 0x00000007c0000000)
  eden space 5632K, 0% used [0x000000076b000000,0x000000076b000000,0x000000076b580000)
  from space 1024K, 96% used [0x000000076b700000,0x000000076b7f8030,0x000000076b800000)
  to   space 1536K, 0% used [0x000000076b580000,0x000000076b580000,0x000000076b700000)
 ParOldGen       total 5632K, used 1506K [0x00000006c1000000, 0x00000006c1580000, 0x000000076b000000)
  object space 5632K, 26% used [0x00000006c1000000,0x00000006c1178940,0x00000006c1580000)
 Metaspace       used 6751K, capacity 7796K, committed 8064K, reserved 1056768K
  class space    used 841K, capacity 880K, committed 896K, reserved 1048576K
}
Event: 0.676 GC heap before
{Heap before GC invocations=7 (full 0):
 PSYoungGen      total 6656K, used 6385K [0x000000076b000000, 0x000000076b900000, 0x00000007c0000000)
  eden space 5632K, 95% used [0x000000076b000000,0x000000076b5445d8,0x000000076b580000)
  from space 1024K, 96% used [0x000000076b700000,0x000000076b7f8030,0x000000076b800000)
  to   space 1536K, 0% used [0x000000076b580000,0x000000076b580000,0x000000076b700000)
 ParOldGen       total 5632K, used 1506K [0x00000006c1000000, 0x00000006c1580000, 0x000000076b000000)
  object space 5632K, 26% used [0x00000006c1000000,0x00000006c1178940,0x00000006c1580000)
 Metaspace       used 7220K, capacity 8084K, committed 8448K, reserved 1056768K
  class space    used 883K, capacity 912K, committed 1024K, reserved 1048576K
Event: 0.679 GC heap after
Heap after GC invocations=7 (full 0):
 PSYoungGen      total 7168K, used 1516K [0x000000076b000000, 0x000000076bf00000, 0x00000007c0000000)
  eden space 5632K, 0% used [0x000000076b000000,0x000000076b000000,0x000000076b580000)
  from space 1536K, 98% used [0x000000076b580000,0x000000076b6fb180,0x000000076b700000)
  to   space 2048K, 0% used [0x000000076bd00000,0x000000076bd00000,0x000000076bf00000)
 ParOldGen       total 5632K, used 2097K [0x00000006c1000000, 0x00000006c1580000, 0x000000076b000000)
  object space 5632K, 37% used [0x00000006c1000000,0x00000006c120c7d0,0x00000006c1580000)
 Metaspace       used 7220K, capacity 8084K, committed 8448K, reserved 1056768K
  class space    used 883K, capacity 912K, committed 1024K, reserved 1048576K
}
Event: 0.751 GC heap before
{Heap before GC invocations=8 (full 0):
 PSYoungGen      total 7168K, used 6747K [0x000000076b000000, 0x000000076bf00000, 0x00000007c0000000)
  eden space 5632K, 92% used [0x000000076b000000,0x000000076b51bb38,0x000000076b580000)
  from space 1536K, 98% used [0x000000076b580000,0x000000076b6fb180,0x000000076b700000)
  to   space 2048K, 0% used [0x000000076bd00000,0x000000076bd00000,0x000000076bf00000)
 ParOldGen       total 5632K, used 2097K [0x00000006c1000000, 0x00000006c1580000, 0x000000076b000000)
  object space 5632K, 37% used [0x00000006c1000000,0x00000006c120c7d0,0x00000006c1580000)
 Metaspace       used 7241K, capacity 8084K, committed 8448K, reserved 1056768K
  class space    used 884K, capacity 912K, committed 1024K, reserved 1048576K
Event: 0.755 GC heap after
Heap after GC invocations=8 (full 0):
 PSYoungGen      total 12288K, used 2043K [0x000000076b000000, 0x000000076c100000, 0x00000007c0000000)
  eden space 10240K, 0% used [0x000000076b000000,0x000000076b000000,0x000000076ba00000)
  from space 2048K, 99% used [0x000000076bd00000,0x000000076befeeb0,0x000000076bf00000)
  to   space 3072K, 0% used [0x000000076ba00000,0x000000076ba00000,0x000000076bd00000)
 ParOldGen       total 5632K, used 3937K [0x00000006c1000000, 0x00000006c1580000, 0x000000076b000000)
  object space 5632K, 69% used [0x00000006c1000000,0x00000006c13d87e0,0x00000006c1580000)
 Metaspace       used 7241K, capacity 8084K, committed 8448K, reserved 1056768K
  class space    used 884K, capacity 912K, committed 1024K, reserved 1048576K
}
Event: 0.868 GC heap before
{Heap before GC invocations=9 (full 0):
 PSYoungGen      total 12288K, used 12283K [0x000000076b000000, 0x000000076c100000, 0x00000007c0000000)
  eden space 10240K, 100% used [0x000000076b000000,0x000000076ba00000,0x000000076ba00000)
  from space 2048K, 99% used [0x000000076bd00000,0x000000076befeeb0,0x000000076bf00000)
  to   space 3072K, 0% used [0x000000076ba00000,0x000000076ba00000,0x000000076bd00000)
 ParOldGen       total 5632K, used 3937K [0x00000006c1000000, 0x00000006c1580000, 0x000000076b000000)
  object space 5632K, 69% used [0x00000006c1000000,0x00000006c13d87e0,0x00000006c1580000)
 Metaspace       used 7393K, capacity 8244K, committed 8448K, reserved 1056768K
  class space    used 898K, capacity 944K, committed 1024K, reserved 1048576K
Event: 0.882 GC heap after
Heap after GC invocations=9 (full 0):
 PSYoungGen      total 13312K, used 3051K [0x000000076b000000, 0x000000076cb00000, 0x00000007c0000000)
  eden space 10240K, 0% used [0x000000076b000000,0x000000076b000000,0x000000076ba00000)
  from space 3072K, 99% used [0x000000076ba00000,0x000000076bcfaea0,0x000000076bd00000)
  to   space 5632K, 0% used [0x000000076c580000,0x000000076c580000,0x000000076cb00000)
 ParOldGen       total 8192K, used 7931K [0x00000006c1000000, 0x00000006c1800000, 0x000000076b000000)
  object space 8192K, 96% used [0x00000006c1000000,0x00000006c17bef50,0x00000006c1800000)
 Metaspace       used 7393K, capacity 8244K, committed 8448K, reserved 1056768K
  class space    used 898K, capacity 944K, committed 1024K, reserved 1048576K
}
Event: 0.882 GC heap before
{Heap before GC invocations=10 (full 1):
 PSYoungGen      total 13312K, used 3051K [0x000000076b000000, 0x000000076cb00000, 0x00000007c0000000)
  eden space 10240K, 0% used [0x000000076b000000,0x000000076b000000,0x000000076ba00000)
  from space 3072K, 99% used [0x000000076ba00000,0x000000076bcfaea0,0x000000076bd00000)
  to   space 5632K, 0% used [0x000000076c580000,0x000000076c580000,0x000000076cb00000)
 ParOldGen       total 8192K, used 7931K [0x00000006c1000000, 0x00000006c1800000, 0x000000076b000000)
  object space 8192K, 96% used [0x00000006c1000000,0x00000006c17bef50,0x00000006c1800000)
 Metaspace       used 7393K, capacity 8244K, committed 8448K, reserved 1056768K
  class space    used 898K, capacity 944K, committed 1024K, reserved 1048576K
Event: 0.935 GC heap after
Heap after GC invocations=10 (full 1):
 PSYoungGen      total 13312K, used 1509K [0x000000076b000000, 0x000000076cb00000, 0x00000007c0000000)
  eden space 10240K, 0% used [0x000000076b000000,0x000000076b000000,0x000000076ba00000)
  from space 3072K, 49% used [0x000000076ba00000,0x000000076bb795d8,0x000000076bd00000)
  to   space 5632K, 0% used [0x000000076c580000,0x000000076c580000,0x000000076cb00000)
 ParOldGen       total 13312K, used 8011K [0x00000006c1000000, 0x00000006c1d00000, 0x000000076b000000)
  object space 13312K, 60% used [0x00000006c1000000,0x00000006c17d2cf8,0x00000006c1d00000)
 Metaspace       used 7393K, capacity 8244K, committed 8448K, reserved 1056768K
  class space    used 898K, capacity 944K, committed 1024K, reserved 1048576K
}

