# JRE version: Java(TM) SE Runtime Environment (8.0_221-b11) (build 1.8.0_221-b11)
# Java VM: Java HotSpot(TM) 64-Bit Server VM (25.221-b11 mixed mode windows-amd64 compressed oops)
Heap:
 PSYoungGen      total 111104K, used 16874K [0x00000000f5580000, 0x00000000ffd80000, 0x0000000100000000)
  eden space 110592K, 15% used [0x00000000f5580000,0x00000000f65fa8e8,0x00000000fc180000)
  from space 512K, 0% used [0x00000000fc180000,0x00000000fc180000,0x00000000fc200000)
  to   space 30720K, 0% used [0x00000000fdf80000,0x00000000fdf80000,0x00000000ffd80000)
 ParOldGen       total 194048K, used 114377K [0x00000000e0000000, 0x00000000ebd80000, 0x00000000f5580000)
  object space 194048K, 58% used [0x00000000e0000000,0x00000000e6fb2528,0x00000000ebd80000)
 Metaspace       used 175133K, capacity 198222K, committed 198656K, reserved 1222656K
  class space    used 23319K, capacity 24818K, committed 24832K, reserved 1048576K
GC Heap History (10 events):
Event: 1850.909 GC heap before
{Heap before GC invocations=101 (full 22):
 PSYoungGen      total 140288K, used 127680K [0x00000000f5580000, 0x0000000100000000, 0x0000000100000000)
  eden space 109056K, 100% used [0x00000000f5580000,0x00000000fc000000,0x00000000fc000000)
  from space 31232K, 59% used [0x00000000fe100000,0x00000000ff330060,0x00000000fff80000)
  to   space 32768K, 0% used [0x00000000fc000000,0x00000000fc000000,0x00000000fe000000)
 ParOldGen       total 194048K, used 116709K [0x00000000e0000000, 0x00000000ebd80000, 0x00000000f5580000)
  object space 194048K, 60% used [0x00000000e0000000,0x00000000e71f9420,0x00000000ebd80000)
 Metaspace       used 175065K, capacity 198182K, committed 198400K, reserved 1222656K
  class space    used 23315K, capacity 24813K, committed 24832K, reserved 1048576K
Event: 1850.929 GC heap after
Heap after GC invocations=101 (full 22):
 PSYoungGen      total 141824K, used 14516K [0x00000000f5580000, 0x0000000100000000, 0x0000000100000000)
  eden space 109056K, 0% used [0x00000000f5580000,0x00000000f5580000,0x00000000fc000000)
  from space 32768K, 44% used [0x00000000fc000000,0x00000000fce2d078,0x00000000fe000000)
  to   space 32256K, 0% used [0x00000000fe080000,0x00000000fe080000,0x0000000100000000)
 ParOldGen       total 194048K, used 122489K [0x00000000e0000000, 0x00000000ebd80000, 0x00000000f5580000)
  object space 194048K, 63% used [0x00000000e0000000,0x00000000e779e4e0,0x00000000ebd80000)
 Metaspace       used 175065K, capacity 198182K, committed 198400K, reserved 1222656K
  class space    used 23315K, capacity 24813K, committed 24832K, reserved 1048576K
}
Event: 1852.430 GC heap before
{Heap before GC invocations=102 (full 22):
 PSYoungGen      total 141824K, used 56711K [0x00000000f5580000, 0x0000000100000000, 0x0000000100000000)
  eden space 109056K, 38% used [0x00000000f5580000,0x00000000f7eb4cb8,0x00000000fc000000)
  from space 32768K, 44% used [0x00000000fc000000,0x00000000fce2d078,0x00000000fe000000)
  to   space 32256K, 0% used [0x00000000fe080000,0x00000000fe080000,0x0000000100000000)
 ParOldGen       total 194048K, used 122489K [0x00000000e0000000, 0x00000000ebd80000, 0x00000000f5580000)
  object space 194048K, 63% used [0x00000000e0000000,0x00000000e779e4e0,0x00000000ebd80000)
 Metaspace       used 175372K, capacity 198478K, committed 198656K, reserved 1222656K
  class space    used 23319K, capacity 24819K, committed 24832K, reserved 1048576K
Event: 1852.435 GC heap after
Heap after GC invocations=102 (full 22):
 PSYoungGen      total 142336K, used 1055K [0x00000000f5580000, 0x00000000fff80000, 0x0000000100000000)
  eden space 110592K, 0% used [0x00000000f5580000,0x00000000f5580000,0x00000000fc180000)
  from space 31744K, 3% used [0x00000000fe080000,0x00000000fe187d68,0x00000000fff80000)
  to   space 31744K, 0% used [0x00000000fc180000,0x00000000fc180000,0x00000000fe080000)
 ParOldGen       total 194048K, used 124425K [0x00000000e0000000, 0x00000000ebd80000, 0x00000000f5580000)
  object space 194048K, 64% used [0x00000000e0000000,0x00000000e7982580,0x00000000ebd80000)
 Metaspace       used 175372K, capacity 198478K, committed 198656K, reserved 1222656K
  class space    used 23319K, capacity 24819K, committed 24832K, reserved 1048576K
}
Event: 1852.435 GC heap before
{Heap before GC invocations=103 (full 23):
 PSYoungGen      total 142336K, used 1055K [0x00000000f5580000, 0x00000000fff80000, 0x0000000100000000)
  eden space 110592K, 0% used [0x00000000f5580000,0x00000000f5580000,0x00000000fc180000)
  from space 31744K, 3% used [0x00000000fe080000,0x00000000fe187d68,0x00000000fff80000)
  to   space 31744K, 0% used [0x00000000fc180000,0x00000000fc180000,0x00000000fe080000)
 ParOldGen       total 194048K, used 124425K [0x00000000e0000000, 0x00000000ebd80000, 0x00000000f5580000)
  object space 194048K, 64% used [0x00000000e0000000,0x00000000e7982580,0x00000000ebd80000)
 Metaspace       used 175372K, capacity 198478K, committed 198656K, reserved 1222656K
  class space    used 23319K, capacity 24819K, committed 24832K, reserved 1048576K
Event: 1852.803 GC heap after
Heap after GC invocations=103 (full 23):
 PSYoungGen      total 142336K, used 0K [0x00000000f5580000, 0x00000000fff80000, 0x0000000100000000)
  eden space 110592K, 0% used [0x00000000f5580000,0x00000000f5580000,0x00000000fc180000)
  from space 31744K, 0% used [0x00000000fe080000,0x00000000fe080000,0x00000000fff80000)
  to   space 31744K, 0% used [0x00000000fc180000,0x00000000fc180000,0x00000000fe080000)
 ParOldGen       total 194048K, used 115303K [0x00000000e0000000, 0x00000000ebd80000, 0x00000000f5580000)
  object space 194048K, 59% used [0x00000000e0000000,0x00000000e7099c40,0x00000000ebd80000)
 Metaspace       used 175124K, capacity 198216K, committed 198656K, reserved 1222656K
  class space    used 23317K, capacity 24817K, committed 24832K, reserved 1048576K
}
Event: 1852.804 GC heap before
{Heap before GC invocations=104 (full 23):
 PSYoungGen      total 142336K, used 366K [0x00000000f5580000, 0x00000000fff80000, 0x0000000100000000)
  eden space 110592K, 0% used [0x00000000f5580000,0x00000000f55dba50,0x00000000fc180000)
  from space 31744K, 0% used [0x00000000fe080000,0x00000000fe080000,0x00000000fff80000)
  to   space 31744K, 0% used [0x00000000fc180000,0x00000000fc180000,0x00000000fe080000)
 ParOldGen       total 194048K, used 115303K [0x00000000e0000000, 0x00000000ebd80000, 0x00000000f5580000)
  object space 194048K, 59% used [0x00000000e0000000,0x00000000e7099c40,0x00000000ebd80000)
 Metaspace       used 175124K, capacity 198216K, committed 198656K, reserved 1222656K
  class space    used 23317K, capacity 24817K, committed 24832K, reserved 1048576K
Event: 1852.808 GC heap after
Heap after GC invocations=104 (full 23):
 PSYoungGen      total 111104K, used 96K [0x00000000f5580000, 0x00000000ffd80000, 0x0000000100000000)
  eden space 110592K, 0% used [0x00000000f5580000,0x00000000f5580000,0x00000000fc180000)
  from space 512K, 18% used [0x00000000fc180000,0x00000000fc198000,0x00000000fc200000)
  to   space 30720K, 0% used [0x00000000fdf80000,0x00000000fdf80000,0x00000000ffd80000)
 ParOldGen       total 194048K, used 115303K [0x00000000e0000000, 0x00000000ebd80000, 0x00000000f5580000)
  object space 194048K, 59% used [0x00000000e0000000,0x00000000e7099c40,0x00000000ebd80000)
 Metaspace       used 175124K, capacity 198216K, committed 198656K, reserved 1222656K
  class space    used 23317K, capacity 24817K, committed 24832K, reserved 1048576K
}
Event: 1852.808 GC heap before
{Heap before GC invocations=105 (full 24):
 PSYoungGen      total 111104K, used 96K [0x00000000f5580000, 0x00000000ffd80000, 0x0000000100000000)
  eden space 110592K, 0% used [0x00000000f5580000,0x00000000f5580000,0x00000000fc180000)
  from space 512K, 18% used [0x00000000fc180000,0x00000000fc198000,0x00000000fc200000)
  to   space 30720K, 0% used [0x00000000fdf80000,0x00000000fdf80000,0x00000000ffd80000)
 ParOldGen       total 194048K, used 115303K [0x00000000e0000000, 0x00000000ebd80000, 0x00000000f5580000)
  object space 194048K, 59% used [0x00000000e0000000,0x00000000e7099c40,0x00000000ebd80000)
 Metaspace       used 175124K, capacity 198216K, committed 198656K, reserved 1222656K
  class space    used 23317K, capacity 24817K, committed 24832K, reserved 1048576K
Event: 1852.988 GC heap after
Heap after GC invocations=105 (full 24):
 PSYoungGen      total 111104K, used 0K [0x00000000f5580000, 0x00000000ffd80000, 0x0000000100000000)
  eden space 110592K, 0% used [0x00000000f5580000,0x00000000f5580000,0x00000000fc180000)
  from space 512K, 0% used [0x00000000fc180000,0x00000000fc180000,0x00000000fc200000)
  to   space 30720K, 0% used [0x00000000fdf80000,0x00000000fdf80000,0x00000000ffd80000)
 ParOldGen       total 194048K, used 114377K [0x00000000e0000000, 0x00000000ebd80000, 0x00000000f5580000)
  object space 194048K, 58% used [0x00000000e0000000,0x00000000e6fb2528,0x00000000ebd80000)
 Metaspace       used 175124K, capacity 198216K, committed 198656K, reserved 1222656K
  class space    used 23317K, capacity 24817K, committed 24832K, reserved 1048576K
}

